<?xml version="1.0" encoding="UTF-8"?>
<testsuite xmlns:xsi="http://www.w3.org/2001/XMLSchema-instance" xsi:noNamespaceSchemaLocation="https://maven.apache.org/surefire/maven-surefire-plugin/xsd/surefire-test-report-3.0.xsd" version="3.0" name="TestSuite" time="0.462" tests="2" errors="0" skipped="0" failures="0">
  <properties>
[...]
</properties>
  <testcase name="test_1" classname="myPack.FirstPgm2" time="0.006">
    <system-out><![CDATA[Hello
siva
]]></system-out>
  </testcase>
  <testcase name="test_2" classname="myPack.FirstPgm2" time="0">
    <system-out><![CDATA[siva
]]></system-out>
  </testcase>
</testsuite>