<?xml version="1.0" encoding="UTF-8"?>
<testng-results skipped="0" failed="0" ignored="0" total="2" passed="2">
  <reporter-output>
  </reporter-output>
  <suite name="Suite" duration-ms="29" started-at="2020-06-22T21:57:13 IST" finished-at="2020-06-22T21:57:13 IST">
    <groups>
    </groups>
    <test name="Test" duration-ms="29" started-at="2020-06-22T21:57:13 IST" finished-at="2020-06-22T21:57:13 IST">
      <class name="myPack.FirstPgm2">
        <test-method status="PASS" signature="test_1()[pri:0, instance:myPack.FirstPgm2@57fffcd7]" name="test_1" duration-ms="4" started-at="2020-06-22T21:57:13 IST" finished-at="2020-06-22T21:57:13 IST">
          <reporter-output>
          </reporter-output>
        </test-method> <!-- test_1 -->
        <test-method status="PASS" signature="test_2()[pri:0, instance:myPack.FirstPgm2@57fffcd7]" name="test_2" duration-ms="0" started-at="2020-06-22T21:57:13 IST" finished-at="2020-06-22T21:57:13 IST">
          <reporter-output>
          </reporter-output>
        </test-method> <!-- test_2 -->
      </class> <!-- myPack.FirstPgm2 -->
    </test> <!-- Test -->
  </suite> <!-- Suite -->
</testng-results>
