<?xml version="1.0" encoding="UTF-8"?>
<testng-results skipped="0" failed="0" ignored="0" total="2" passed="2">
  <reporter-output>
  </reporter-output>
  <suite name="Default suite" duration-ms="34" started-at="2020-06-22T21:45:34 IST" finished-at="2020-06-22T21:45:34 IST">
    <groups>
    </groups>
    <test name="Default test" duration-ms="34" started-at="2020-06-22T21:45:34 IST" finished-at="2020-06-22T21:45:34 IST">
      <class name="myPack.FirstPgm2">
        <test-method status="PASS" signature="test_1()[pri:0, instance:myPack.FirstPgm2@731a74c]" name="test_1" duration-ms="6" started-at="2020-06-22T21:45:34 IST" finished-at="2020-06-22T21:45:34 IST">
          <reporter-output>
          </reporter-output>
        </test-method> <!-- test_1 -->
        <test-method status="PASS" signature="test_2()[pri:0, instance:myPack.FirstPgm2@731a74c]" name="test_2" duration-ms="1" started-at="2020-06-22T21:45:34 IST" finished-at="2020-06-22T21:45:34 IST">
          <reporter-output>
          </reporter-output>
        </test-method> <!-- test_2 -->
      </class> <!-- myPack.FirstPgm2 -->
    </test> <!-- Default test -->
  </suite> <!-- Default suite -->
</testng-results>
